<?xml version="1.0" encoding="utf-8"?><testsuites name="pytest tests"><testsuite name="pytest" errors="0" failures="0" skipped="1" tests="3" time="1.135" timestamp="2026-01-21T21:38:37.501416+07:00" hostname="Mac-Pro-M2-s-Anhnon.local"><testcase classname="tests.test_agent.TestAgent" name="test_agent_service_query" time="0.249" /><testcase classname="tests.test_agent.TestAgent" name="test_agent_api_endpoint" time="0.000"><skipped type="pytest.skip" message="API endpoint test requires integration testing with real auth - auth middleware runs before dependency injection">/Users/anhnon/PycharmProjects/be-assignment.dec-2025/tests/test_agent.py:68: API endpoint test requires integration testing with real auth - auth middleware runs before dependency injection</skipped></testcase><testcase classname="tests.test_agent.TestAgent" name="test_agent_init_provider" time="0.009" /></testsuite></testsuites>