<?xml version="1.0" encoding="utf-8"?><testsuites name="pytest tests"><testsuite name="pytest" errors="0" failures="0" skipped="0" tests="32" time="0.589" timestamp="2026-01-21T14:14:10.844101+07:00" hostname="Mac-Pro-M2-s-Anhnon.local"><testcase classname="tests.test_projects.TestProjectService" name="test_create_project_success" time="0.065" /><testcase classname="tests.test_projects.TestProjectService" name="test_get_project_by_id_admin_success" time="0.003" /><testcase classname="tests.test_projects.TestProjectService" name="test_get_project_by_id_member_not_member" time="0.003" /><testcase classname="tests.test_projects.TestProjectService" name="test_get_project_not_found" time="0.002" /><testcase classname="tests.test_projects.TestProjectService" name="test_list_projects_admin" time="0.003" /><testcase classname="tests.test_projects.TestProjectService" name="test_list_projects_member" time="0.003" /><testcase classname="tests.test_projects.TestProjectService" name="test_update_project_success" time="0.003" /><testcase classname="tests.test_projects.TestProjectService" name="test_update_project_member_forbidden" time="0.002" /><testcase classname="tests.test_projects.TestProjectService" name="test_delete_project_success" time="0.003" /><testcase classname="tests.test_projects.TestProjectService" name="test_delete_project_manager_forbidden" time="0.002" /><testcase classname="tests.test_projects.TestProjectService" name="test_add_member_success" time="0.004" /><testcase classname="tests.test_projects.TestProjectService" name="test_add_member_already_exists" time="0.003" /><testcase classname="tests.test_projects.TestProjectService" name="test_remove_member_success" time="0.004" /><testcase classname="tests.test_projects.TestProjectService" name="test_remove_member_not_found" time="0.003" /><testcase classname="tests.test_projects.TestProjectService" name="test_get_members_success" time="0.003" /><testcase classname="tests.test_users.TestUserService" name="test_get_user_by_email_success" time="0.002" /><testcase classname="tests.test_users.TestUserService" name="test_get_user_by_email_not_found" time="0.002" /><testcase classname="tests.test_users.TestUserService" name="test_get_user_by_id_success" time="0.003" /><testcase classname="tests.test_users.TestUserService" name="test_get_user_by_id_not_found" time="0.002" /><testcase classname="tests.test_users.TestUserService" name="test_create_user_success" time="0.002" /><testcase classname="tests.test_users.TestUserService" name="test_create_user_with_default_role" time="0.003" /><testcase classname="tests.test_users.TestUserService" name="test_create_user_with_admin_role" time="0.002" /><testcase classname="tests.test_users.TestUserService" name="test_update_user_with_full_name" time="0.002" /><testcase classname="tests.test_users.TestUserService" name="test_update_user_without_changes" time="0.002" /><testcase classname="tests.test_users.TestUserService" name="test_update_user_with_none_full_name" time="0.002" /><testcase classname="tests.test_users.TestUserService" name="test_email_exists_true" time="0.002" /><testcase classname="tests.test_users.TestUserService" name="test_email_exists_false" time="0.002" /><testcase classname="tests.test_users.TestUserService" name="test_verify_password_success" time="0.002" /><testcase classname="tests.test_users.TestUserService" name="test_verify_password_failure" time="0.001" /><testcase classname="tests.test_users.TestUserService" name="test_verify_password_with_empty_strings" time="0.001" /><testcase classname="tests.test_users.TestUserServiceIntegration" name="test_create_user_and_verify_password_flow" time="0.002" /><testcase classname="tests.test_users.TestUserServiceIntegration" name="test_user_registration_workflow" time="0.004" /></testsuite></testsuites>